<?xml version="1.0" encoding="UTF-8"?>
<testsuite xmlns:xsi="http://www.w3.org/2001/XMLSchema-instance" xsi:noNamespaceSchemaLocation="https://maven.apache.org/surefire/maven-surefire-plugin/xsd/surefire-test-report-3.0.xsd" version="3.0" name="com.kafka.flink.AppTest" time="0.018" tests="1" errors="0" skipped="0" failures="0">
  <properties>
    <property name="java.specification.version" value="23"/>
    <property name="sun.jnu.encoding" value="UTF-8"/>
    <property name="java.class.path" value="/Users/shubhamtomar/pixis-projects/aalearning/nix/flakes/kafka/kafka-flink-job-b/target/test-classes:/Users/shubhamtomar/pixis-projects/aalearning/nix/flakes/kafka/kafka-flink-job-b/target/classes:/Users/shubhamtomar/.m2/repository/junit/junit/3.8.1/junit-3.8.1.jar:/Users/shubhamtomar/.m2/repository/org/apache/flink/flink-java/1.20.0/flink-java-1.20.0.jar:/Users/shubhamtomar/.m2/repository/org/apache/flink/flink-core/1.20.0/flink-core-1.20.0.jar:/Users/shubhamtomar/.m2/repository/org/apache/flink/flink-core-api/1.20.0/flink-core-api-1.20.0.jar:/Users/shubhamtomar/.m2/repository/org/apache/flink/flink-metrics-core/1.20.0/flink-metrics-core-1.20.0.jar:/Users/shubhamtomar/.m2/repository/org/apache/flink/flink-annotations/1.20.0/flink-annotations-1.20.0.jar:/Users/shubhamtomar/.m2/repository/org/apache/flink/flink-shaded-jackson/2.14.2-17.0/flink-shaded-jackson-2.14.2-17.0.jar:/Users/shubhamtomar/.m2/repository/org/snakeyaml/snakeyaml-engine/2.6/snakeyaml-engine-2.6.jar:/Users/shubhamtomar/.m2/repository/com/esotericsoftware/kryo/kryo/2.24.0/kryo-2.24.0.jar:/Users/shubhamtomar/.m2/repository/com/esotericsoftware/minlog/minlog/1.2/minlog-1.2.jar:/Users/shubhamtomar/.m2/repository/org/objenesis/objenesis/2.1/objenesis-2.1.jar:/Users/shubhamtomar/.m2/repository/org/apache/commons/commons-lang3/3.12.0/commons-lang3-3.12.0.jar:/Users/shubhamtomar/.m2/repository/org/apache/commons/commons-math3/3.6.1/commons-math3-3.6.1.jar:/Users/shubhamtomar/.m2/repository/com/twitter/chill-java/0.7.6/chill-java-0.7.6.jar:/Users/shubhamtomar/.m2/repository/org/slf4j/slf4j-api/1.7.36/slf4j-api-1.7.36.jar:/Users/shubhamtomar/.m2/repository/com/google/code/findbugs/jsr305/1.3.9/jsr305-1.3.9.jar:/Users/shubhamtomar/.m2/repository/org/apache/flink/flink-streaming-java/1.20.0/flink-streaming-java-1.20.0.jar:/Users/shubhamtomar/.m2/repository/org/apache/flink/flink-file-sink-common/1.20.0/flink-file-sink-common-1.20.0.jar:/Users/shubhamtomar/.m2/repository/org/apache/flink/flink-runtime/1.20.0/flink-runtime-1.20.0.jar:/Users/shubhamtomar/.m2/repository/org/apache/flink/flink-rpc-core/1.20.0/flink-rpc-core-1.20.0.jar:/Users/shubhamtomar/.m2/repository/org/apache/flink/flink-rpc-akka-loader/1.20.0/flink-rpc-akka-loader-1.20.0.jar:/Users/shubhamtomar/.m2/repository/org/apache/flink/flink-queryable-state-client-java/1.20.0/flink-queryable-state-client-java-1.20.0.jar:/Users/shubhamtomar/.m2/repository/org/apache/flink/flink-hadoop-fs/1.20.0/flink-hadoop-fs-1.20.0.jar:/Users/shubhamtomar/.m2/repository/org/apache/flink/flink-shaded-netty/4.1.91.Final-17.0/flink-shaded-netty-4.1.91.Final-17.0.jar:/Users/shubhamtomar/.m2/repository/org/apache/flink/flink-shaded-zookeeper-3/3.7.1-17.0/flink-shaded-zookeeper-3-3.7.1-17.0.jar:/Users/shubhamtomar/.m2/repository/org/javassist/javassist/3.24.0-GA/javassist-3.24.0-GA.jar:/Users/shubhamtomar/.m2/repository/tools/profiler/async-profiler/2.9/async-profiler-2.9.jar:/Users/shubhamtomar/.m2/repository/org/lz4/lz4-java/1.8.0/lz4-java-1.8.0.jar:/Users/shubhamtomar/.m2/repository/org/apache/flink/flink-shaded-guava/31.1-jre-17.0/flink-shaded-guava-31.1-jre-17.0.jar:/Users/shubhamtomar/.m2/repository/org/apache/flink/flink-connector-datagen/1.20.0/flink-connector-datagen-1.20.0.jar:/Users/shubhamtomar/.m2/repository/org/apache/flink/flink-connector-kafka/3.3.0-1.20/flink-connector-kafka-3.3.0-1.20.jar:/Users/shubhamtomar/.m2/repository/org/apache/kafka/kafka-clients/3.4.0/kafka-clients-3.4.0.jar:/Users/shubhamtomar/.m2/repository/com/github/luben/zstd-jni/1.5.2-1/zstd-jni-1.5.2-1.jar:/Users/shubhamtomar/.m2/repository/com/google/guava/guava/32.1.2-jre/guava-32.1.2-jre.jar:/Users/shubhamtomar/.m2/repository/com/google/guava/failureaccess/1.0.1/failureaccess-1.0.1.jar:/Users/shubhamtomar/.m2/repository/com/google/guava/listenablefuture/9999.0-empty-to-avoid-conflict-with-guava/listenablefuture-9999.0-empty-to-avoid-conflict-with-guava.jar:/Users/shubhamtomar/.m2/repository/org/checkerframework/checker-qual/3.33.0/checker-qual-3.33.0.jar:/Users/shubhamtomar/.m2/repository/com/google/errorprone/error_prone_annotations/2.18.0/error_prone_annotations-2.18.0.jar:/Users/shubhamtomar/.m2/repository/com/google/j2objc/j2objc-annotations/2.8/j2objc-annotations-2.8.jar:/Users/shubhamtomar/.m2/repository/com/fasterxml/jackson/core/jackson-core/2.15.2/jackson-core-2.15.2.jar:/Users/shubhamtomar/.m2/repository/com/fasterxml/jackson/datatype/jackson-datatype-jsr310/2.15.2/jackson-datatype-jsr310-2.15.2.jar:/Users/shubhamtomar/.m2/repository/com/fasterxml/jackson/datatype/jackson-datatype-jdk8/2.15.2/jackson-datatype-jdk8-2.15.2.jar:/Users/shubhamtomar/.m2/repository/org/apache/iceberg/iceberg-nessie/1.7.0/iceberg-nessie-1.7.0.jar:/Users/shubhamtomar/.m2/repository/org/apache/iceberg/iceberg-api/1.7.0/iceberg-api-1.7.0.jar:/Users/shubhamtomar/.m2/repository/org/apache/iceberg/iceberg-common/1.7.0/iceberg-common-1.7.0.jar:/Users/shubhamtomar/.m2/repository/org/apache/iceberg/iceberg-core/1.7.0/iceberg-core-1.7.0.jar:/Users/shubhamtomar/.m2/repository/io/airlift/aircompressor/0.27/aircompressor-0.27.jar:/Users/shubhamtomar/.m2/repository/org/apache/httpcomponents/client5/httpclient5/5.4/httpclient5-5.4.jar:/Users/shubhamtomar/.m2/repository/org/apache/httpcomponents/core5/httpcore5/5.3/httpcore5-5.3.jar:/Users/shubhamtomar/.m2/repository/org/apache/httpcomponents/core5/httpcore5-h2/5.3/httpcore5-h2-5.3.jar:/Users/shubhamtomar/.m2/repository/com/github/ben-manes/caffeine/caffeine/2.9.3/caffeine-2.9.3.jar:/Users/shubhamtomar/.m2/repository/dev/failsafe/failsafe/3.3.2/failsafe-3.3.2.jar:/Users/shubhamtomar/.m2/repository/org/roaringbitmap/RoaringBitmap/1.3.0/RoaringBitmap-1.3.0.jar:/Users/shubhamtomar/.m2/repository/org/apache/iceberg/iceberg-bundled-guava/1.7.0/iceberg-bundled-guava-1.7.0.jar:/Users/shubhamtomar/.m2/repository/org/projectnessie/nessie/nessie-client/0.99.0/nessie-client-0.99.0.jar:/Users/shubhamtomar/.m2/repository/org/projectnessie/nessie/nessie-model/0.99.0/nessie-model-0.99.0.jar:/Users/shubhamtomar/.m2/repository/org/eclipse/microprofile/openapi/microprofile-openapi-api/4.0.1/microprofile-openapi-api-4.0.1.jar:/Users/shubhamtomar/.m2/repository/org/apache/iceberg/iceberg-flink-runtime-1.20/1.7.0/iceberg-flink-runtime-1.20-1.7.0.jar:/Users/shubhamtomar/.m2/repository/org/apache/flink/flink-table-api-java/1.20.0/flink-table-api-java-1.20.0.jar:/Users/shubhamtomar/.m2/repository/org/apache/flink/flink-table-planner_2.12/1.20.0/flink-table-planner_2.12-1.20.0.jar:/Users/shubhamtomar/.m2/repository/org/immutables/value/2.8.8/value-2.8.8.jar:/Users/shubhamtomar/.m2/repository/org/immutables/value-annotations/2.8.8/value-annotations-2.8.8.jar:/Users/shubhamtomar/.m2/repository/org/codehaus/janino/commons-compiler/3.1.10/commons-compiler-3.1.10.jar:/Users/shubhamtomar/.m2/repository/org/codehaus/janino/janino/3.1.10/janino-3.1.10.jar:/Users/shubhamtomar/.m2/repository/org/apache/flink/flink-scala_2.12/1.20.0/flink-scala_2.12-1.20.0.jar:/Users/shubhamtomar/.m2/repository/org/scala-lang/scala-reflect/2.12.7/scala-reflect-2.12.7.jar:/Users/shubhamtomar/.m2/repository/org/scala-lang/scala-library/2.12.7/scala-library-2.12.7.jar:/Users/shubhamtomar/.m2/repository/org/scala-lang/scala-compiler/2.12.7/scala-compiler-2.12.7.jar:/Users/shubhamtomar/.m2/repository/org/scala-lang/modules/scala-xml_2.12/1.0.6/scala-xml_2.12-1.0.6.jar:/Users/shubhamtomar/.m2/repository/com/twitter/chill_2.12/0.7.6/chill_2.12-0.7.6.jar:/Users/shubhamtomar/.m2/repository/org/apache/flink/flink-table-runtime/1.20.0/flink-table-runtime-1.20.0.jar:/Users/shubhamtomar/.m2/repository/org/apache/flink/flink-cep/1.20.0/flink-cep-1.20.0.jar:/Users/shubhamtomar/.m2/repository/org/apache/flink/flink-table-common/1.20.0/flink-table-common-1.20.0.jar:/Users/shubhamtomar/.m2/repository/org/apache/flink/flink-shaded-asm-9/9.5-17.0/flink-shaded-asm-9-9.5-17.0.jar:/Users/shubhamtomar/.m2/repository/com/ibm/icu/icu4j/67.1/icu4j-67.1.jar:/Users/shubhamtomar/.m2/repository/org/apache/flink/flink-table-api-java-bridge/1.20.0/flink-table-api-java-bridge-1.20.0.jar:/Users/shubhamtomar/.m2/repository/org/apache/flink/flink-table-api-bridge-base/1.20.0/flink-table-api-bridge-base-1.20.0.jar:/Users/shubhamtomar/.m2/repository/org/apache/flink/flink-parquet/1.20.0/flink-parquet-1.20.0.jar:/Users/shubhamtomar/.m2/repository/org/apache/parquet/parquet-hadoop/1.13.1/parquet-hadoop-1.13.1.jar:/Users/shubhamtomar/.m2/repository/org/apache/parquet/parquet-column/1.13.1/parquet-column-1.13.1.jar:/Users/shubhamtomar/.m2/repository/org/apache/parquet/parquet-encoding/1.13.1/parquet-encoding-1.13.1.jar:/Users/shubhamtomar/.m2/repository/org/apache/parquet/parquet-format-structures/1.13.1/parquet-format-structures-1.13.1.jar:/Users/shubhamtomar/.m2/repository/org/apache/parquet/parquet-common/1.13.1/parquet-common-1.13.1.jar:/Users/shubhamtomar/.m2/repository/org/apache/parquet/parquet-jackson/1.13.1/parquet-jackson-1.13.1.jar:/Users/shubhamtomar/.m2/repository/commons-pool/commons-pool/1.6/commons-pool-1.6.jar:/Users/shubhamtomar/.m2/repository/org/apache/yetus/audience-annotations/0.13.0/audience-annotations-0.13.0.jar:/Users/shubhamtomar/.m2/repository/com/google/protobuf/protobuf-java/3.21.7/protobuf-java-3.21.7.jar:/Users/shubhamtomar/.m2/repository/com/fasterxml/jackson/core/jackson-databind/2.13.4/jackson-databind-2.13.4.jar:/Users/shubhamtomar/.m2/repository/com/fasterxml/jackson/core/jackson-annotations/2.13.4/jackson-annotations-2.13.4.jar:/Users/shubhamtomar/.m2/repository/org/apache/hadoop/hadoop-client/3.4.1/hadoop-client-3.4.1.jar:/Users/shubhamtomar/.m2/repository/org/apache/hadoop/hadoop-yarn-api/3.4.1/hadoop-yarn-api-3.4.1.jar:/Users/shubhamtomar/.m2/repository/javax/xml/bind/jaxb-api/2.2.11/jaxb-api-2.2.11.jar:/Users/shubhamtomar/.m2/repository/org/apache/hadoop/hadoop-yarn-client/3.4.1/hadoop-yarn-client-3.4.1.jar:/Users/shubhamtomar/.m2/repository/org/eclipse/jetty/websocket/websocket-client/9.4.53.v20231009/websocket-client-9.4.53.v20231009.jar:/Users/shubhamtomar/.m2/repository/org/eclipse/jetty/jetty-client/9.4.53.v20231009/jetty-client-9.4.53.v20231009.jar:/Users/shubhamtomar/.m2/repository/org/eclipse/jetty/websocket/websocket-common/9.4.53.v20231009/websocket-common-9.4.53.v20231009.jar:/Users/shubhamtomar/.m2/repository/org/eclipse/jetty/websocket/websocket-api/9.4.53.v20231009/websocket-api-9.4.53.v20231009.jar:/Users/shubhamtomar/.m2/repository/org/jline/jline/3.9.0/jline-3.9.0.jar:/Users/shubhamtomar/.m2/repository/org/apache/hadoop/hadoop-mapreduce-client-core/3.4.1/hadoop-mapreduce-client-core-3.4.1.jar:/Users/shubhamtomar/.m2/repository/org/apache/hadoop/hadoop-yarn-common/3.4.1/hadoop-yarn-common-3.4.1.jar:/Users/shubhamtomar/.m2/repository/com/sun/jersey/jersey-client/1.19.4/jersey-client-1.19.4.jar:/Users/shubhamtomar/.m2/repository/com/fasterxml/jackson/module/jackson-module-jaxb-annotations/2.12.7/jackson-module-jaxb-annotations-2.12.7.jar:/Users/shubhamtomar/.m2/repository/jakarta/xml/bind/jakarta.xml.bind-api/2.3.2/jakarta.xml.bind-api-2.3.2.jar:/Users/shubhamtomar/.m2/repository/com/fasterxml/jackson/jaxrs/jackson-jaxrs-json-provider/2.12.7/jackson-jaxrs-json-provider-2.12.7.jar:/Users/shubhamtomar/.m2/repository/com/fasterxml/jackson/jaxrs/jackson-jaxrs-base/2.12.7/jackson-jaxrs-base-2.12.7.jar:/Users/shubhamtomar/.m2/repository/io/netty/netty-all/4.1.100.Final/netty-all-4.1.100.Final.jar:/Users/shubhamtomar/.m2/repository/io/netty/netty-codec-dns/4.1.100.Final/netty-codec-dns-4.1.100.Final.jar:/Users/shubhamtomar/.m2/repository/io/netty/netty-codec-haproxy/4.1.100.Final/netty-codec-haproxy-4.1.100.Final.jar:/Users/shubhamtomar/.m2/repository/io/netty/netty-codec-memcache/4.1.100.Final/netty-codec-memcache-4.1.100.Final.jar:/Users/shubhamtomar/.m2/repository/io/netty/netty-codec-mqtt/4.1.100.Final/netty-codec-mqtt-4.1.100.Final.jar:/Users/shubhamtomar/.m2/repository/io/netty/netty-codec-redis/4.1.100.Final/netty-codec-redis-4.1.100.Final.jar:/Users/shubhamtomar/.m2/repository/io/netty/netty-codec-smtp/4.1.100.Final/netty-codec-smtp-4.1.100.Final.jar:/Users/shubhamtomar/.m2/repository/io/netty/netty-codec-socks/4.1.100.Final/netty-codec-socks-4.1.100.Final.jar:/Users/shubhamtomar/.m2/repository/io/netty/netty-codec-stomp/4.1.100.Final/netty-codec-stomp-4.1.100.Final.jar:/Users/shubhamtomar/.m2/repository/io/netty/netty-codec-xml/4.1.100.Final/netty-codec-xml-4.1.100.Final.jar:/Users/shubhamtomar/.m2/repository/io/netty/netty-handler-proxy/4.1.100.Final/netty-handler-proxy-4.1.100.Final.jar:/Users/shubhamtomar/.m2/repository/io/netty/netty-handler-ssl-ocsp/4.1.100.Final/netty-handler-ssl-ocsp-4.1.100.Final.jar:/Users/shubhamtomar/.m2/repository/io/netty/netty-resolver-dns/4.1.100.Final/netty-resolver-dns-4.1.100.Final.jar:/Users/shubhamtomar/.m2/repository/io/netty/netty-transport-rxtx/4.1.100.Final/netty-transport-rxtx-4.1.100.Final.jar:/Users/shubhamtomar/.m2/repository/io/netty/netty-transport-sctp/4.1.100.Final/netty-transport-sctp-4.1.100.Final.jar:/Users/shubhamtomar/.m2/repository/io/netty/netty-transport-udt/4.1.100.Final/netty-transport-udt-4.1.100.Final.jar:/Users/shubhamtomar/.m2/repository/io/netty/netty-transport-classes-kqueue/4.1.100.Final/netty-transport-classes-kqueue-4.1.100.Final.jar:/Users/shubhamtomar/.m2/repository/io/netty/netty-resolver-dns-classes-macos/4.1.100.Final/netty-resolver-dns-classes-macos-4.1.100.Final.jar:/Users/shubhamtomar/.m2/repository/io/netty/netty-transport-native-epoll/4.1.100.Final/netty-transport-native-epoll-4.1.100.Final-linux-x86_64.jar:/Users/shubhamtomar/.m2/repository/io/netty/netty-transport-native-epoll/4.1.100.Final/netty-transport-native-epoll-4.1.100.Final-linux-aarch_64.jar:/Users/shubhamtomar/.m2/repository/io/netty/netty-transport-native-kqueue/4.1.100.Final/netty-transport-native-kqueue-4.1.100.Final-osx-x86_64.jar:/Users/shubhamtomar/.m2/repository/io/netty/netty-transport-native-kqueue/4.1.100.Final/netty-transport-native-kqueue-4.1.100.Final-osx-aarch_64.jar:/Users/shubhamtomar/.m2/repository/io/netty/netty-resolver-dns-native-macos/4.1.100.Final/netty-resolver-dns-native-macos-4.1.100.Final-osx-x86_64.jar:/Users/shubhamtomar/.m2/repository/io/netty/netty-resolver-dns-native-macos/4.1.100.Final/netty-resolver-dns-native-macos-4.1.100.Final-osx-aarch_64.jar:/Users/shubhamtomar/.m2/repository/org/apache/hadoop/hadoop-mapreduce-client-jobclient/3.4.1/hadoop-mapreduce-client-jobclient-3.4.1.jar:/Users/shubhamtomar/.m2/repository/org/apache/hadoop/hadoop-mapreduce-client-common/3.4.1/hadoop-mapreduce-client-common-3.4.1.jar:/Users/shubhamtomar/.m2/repository/org/apache/hadoop/hadoop-annotations/3.4.1/hadoop-annotations-3.4.1.jar:/Users/shubhamtomar/.m2/repository/org/apache/hadoop/hadoop-common/3.4.1/hadoop-common-3.4.1.jar:/Users/shubhamtomar/.m2/repository/org/apache/hadoop/thirdparty/hadoop-shaded-protobuf_3_25/1.3.0/hadoop-shaded-protobuf_3_25-1.3.0.jar:/Users/shubhamtomar/.m2/repository/org/apache/hadoop/thirdparty/hadoop-shaded-guava/1.3.0/hadoop-shaded-guava-1.3.0.jar:/Users/shubhamtomar/.m2/repository/commons-cli/commons-cli/1.5.0/commons-cli-1.5.0.jar:/Users/shubhamtomar/.m2/repository/org/apache/httpcomponents/httpclient/4.5.13/httpclient-4.5.13.jar:/Users/shubhamtomar/.m2/repository/commons-logging/commons-logging/1.2/commons-logging-1.2.jar:/Users/shubhamtomar/.m2/repository/commons-codec/commons-codec/1.15/commons-codec-1.15.jar:/Users/shubhamtomar/.m2/repository/commons-io/commons-io/2.16.1/commons-io-2.16.1.jar:/Users/shubhamtomar/.m2/repository/commons-net/commons-net/3.9.0/commons-net-3.9.0.jar:/Users/shubhamtomar/.m2/repository/commons-collections/commons-collections/3.2.2/commons-collections-3.2.2.jar:/Users/shubhamtomar/.m2/repository/javax/servlet/javax.servlet-api/3.1.0/javax.servlet-api-3.1.0.jar:/Users/shubhamtomar/.m2/repository/jakarta/activation/jakarta.activation-api/1.2.1/jakarta.activation-api-1.2.1.jar:/Users/shubhamtomar/.m2/repository/org/eclipse/jetty/jetty-server/9.4.53.v20231009/jetty-server-9.4.53.v20231009.jar:/Users/shubhamtomar/.m2/repository/org/eclipse/jetty/jetty-http/9.4.53.v20231009/jetty-http-9.4.53.v20231009.jar:/Users/shubhamtomar/.m2/repository/org/eclipse/jetty/jetty-io/9.4.53.v20231009/jetty-io-9.4.53.v20231009.jar:/Users/shubhamtomar/.m2/repository/org/eclipse/jetty/jetty-util/9.4.53.v20231009/jetty-util-9.4.53.v20231009.jar:/Users/shubhamtomar/.m2/repository/org/eclipse/jetty/jetty-servlet/9.4.53.v20231009/jetty-servlet-9.4.53.v20231009.jar:/Users/shubhamtomar/.m2/repository/org/eclipse/jetty/jetty-security/9.4.53.v20231009/jetty-security-9.4.53.v20231009.jar:/Users/shubhamtomar/.m2/repository/org/eclipse/jetty/jetty-util-ajax/9.4.53.v20231009/jetty-util-ajax-9.4.53.v20231009.jar:/Users/shubhamtomar/.m2/repository/org/eclipse/jetty/jetty-webapp/9.4.53.v20231009/jetty-webapp-9.4.53.v20231009.jar:/Users/shubhamtomar/.m2/repository/org/eclipse/jetty/jetty-xml/9.4.53.v20231009/jetty-xml-9.4.53.v20231009.jar:/Users/shubhamtomar/.m2/repository/javax/servlet/jsp/jsp-api/2.1/jsp-api-2.1.jar:/Users/shubhamtomar/.m2/repository/com/sun/jersey/jersey-core/1.19.4/jersey-core-1.19.4.jar:/Users/shubhamtomar/.m2/repository/javax/ws/rs/jsr311-api/1.1.1/jsr311-api-1.1.1.jar:/Users/shubhamtomar/.m2/repository/com/sun/jersey/jersey-servlet/1.19.4/jersey-servlet-1.19.4.jar:/Users/shubhamtomar/.m2/repository/com/github/pjfanning/jersey-json/1.22.0/jersey-json-1.22.0.jar:/Users/shubhamtomar/.m2/repository/com/sun/xml/bind/jaxb-impl/2.2.3-1/jaxb-impl-2.2.3-1.jar:/Users/shubhamtomar/.m2/repository/org/codehaus/jettison/jettison/1.5.4/jettison-1.5.4.jar:/Users/shubhamtomar/.m2/repository/com/sun/jersey/jersey-server/1.19.4/jersey-server-1.19.4.jar:/Users/shubhamtomar/.m2/repository/ch/qos/reload4j/reload4j/1.2.22/reload4j-1.2.22.jar:/Users/shubhamtomar/.m2/repository/commons-beanutils/commons-beanutils/1.9.4/commons-beanutils-1.9.4.jar:/Users/shubhamtomar/.m2/repository/org/apache/commons/commons-configuration2/2.10.1/commons-configuration2-2.10.1.jar:/Users/shubhamtomar/.m2/repository/org/apache/commons/commons-text/1.10.0/commons-text-1.10.0.jar:/Users/shubhamtomar/.m2/repository/org/slf4j/slf4j-reload4j/1.7.36/slf4j-reload4j-1.7.36.jar:/Users/shubhamtomar/.m2/repository/org/apache/avro/avro/1.9.2/avro-1.9.2.jar:/Users/shubhamtomar/.m2/repository/com/google/re2j/re2j/1.1/re2j-1.1.jar:/Users/shubhamtomar/.m2/repository/com/google/code/gson/gson/2.9.0/gson-2.9.0.jar:/Users/shubhamtomar/.m2/repository/org/apache/hadoop/hadoop-auth/3.4.1/hadoop-auth-3.4.1.jar:/Users/shubhamtomar/.m2/repository/com/nimbusds/nimbus-jose-jwt/9.37.2/nimbus-jose-jwt-9.37.2.jar:/Users/shubhamtomar/.m2/repository/com/github/stephenc/jcip/jcip-annotations/1.0-1/jcip-annotations-1.0-1.jar:/Users/shubhamtomar/.m2/repository/org/apache/curator/curator-framework/5.2.0/curator-framework-5.2.0.jar:/Users/shubhamtomar/.m2/repository/org/apache/kerby/kerb-util/2.0.3/kerb-util-2.0.3.jar:/Users/shubhamtomar/.m2/repository/org/apache/kerby/kerby-config/2.0.3/kerby-config-2.0.3.jar:/Users/shubhamtomar/.m2/repository/org/apache/kerby/kerb-crypto/2.0.3/kerb-crypto-2.0.3.jar:/Users/shubhamtomar/.m2/repository/com/jcraft/jsch/0.1.55/jsch-0.1.55.jar:/Users/shubhamtomar/.m2/repository/org/apache/curator/curator-client/5.2.0/curator-client-5.2.0.jar:/Users/shubhamtomar/.m2/repository/org/apache/curator/curator-recipes/5.2.0/curator-recipes-5.2.0.jar:/Users/shubhamtomar/.m2/repository/org/apache/zookeeper/zookeeper/3.8.4/zookeeper-3.8.4.jar:/Users/shubhamtomar/.m2/repository/org/apache/zookeeper/zookeeper-jute/3.8.4/zookeeper-jute-3.8.4.jar:/Users/shubhamtomar/.m2/repository/io/netty/netty-handler/4.1.100.Final/netty-handler-4.1.100.Final.jar:/Users/shubhamtomar/.m2/repository/io/netty/netty-common/4.1.100.Final/netty-common-4.1.100.Final.jar:/Users/shubhamtomar/.m2/repository/io/netty/netty-resolver/4.1.100.Final/netty-resolver-4.1.100.Final.jar:/Users/shubhamtomar/.m2/repository/io/netty/netty-buffer/4.1.100.Final/netty-buffer-4.1.100.Final.jar:/Users/shubhamtomar/.m2/repository/io/netty/netty-transport/4.1.100.Final/netty-transport-4.1.100.Final.jar:/Users/shubhamtomar/.m2/repository/io/netty/netty-transport-native-unix-common/4.1.100.Final/netty-transport-native-unix-common-4.1.100.Final.jar:/Users/shubhamtomar/.m2/repository/io/netty/netty-codec/4.1.100.Final/netty-codec-4.1.100.Final.jar:/Users/shubhamtomar/.m2/repository/io/netty/netty-transport-native-epoll/4.1.100.Final/netty-transport-native-epoll-4.1.100.Final.jar:/Users/shubhamtomar/.m2/repository/io/netty/netty-transport-classes-epoll/4.1.100.Final/netty-transport-classes-epoll-4.1.100.Final.jar:/Users/shubhamtomar/.m2/repository/io/dropwizard/metrics/metrics-core/3.2.4/metrics-core-3.2.4.jar:/Users/shubhamtomar/.m2/repository/org/apache/commons/commons-compress/1.26.1/commons-compress-1.26.1.jar:/Users/shubhamtomar/.m2/repository/org/bouncycastle/bcprov-jdk18on/1.78.1/bcprov-jdk18on-1.78.1.jar:/Users/shubhamtomar/.m2/repository/org/apache/kerby/kerb-core/2.0.3/kerb-core-2.0.3.jar:/Users/shubhamtomar/.m2/repository/org/apache/kerby/kerby-pkix/2.0.3/kerby-pkix-2.0.3.jar:/Users/shubhamtomar/.m2/repository/org/apache/kerby/kerby-asn1/2.0.3/kerby-asn1-2.0.3.jar:/Users/shubhamtomar/.m2/repository/org/apache/kerby/kerby-util/2.0.3/kerby-util-2.0.3.jar:/Users/shubhamtomar/.m2/repository/org/codehaus/woodstox/stax2-api/4.2.1/stax2-api-4.2.1.jar:/Users/shubhamtomar/.m2/repository/com/fasterxml/woodstox/woodstox-core/5.4.0/woodstox-core-5.4.0.jar:/Users/shubhamtomar/.m2/repository/dnsjava/dnsjava/3.6.1/dnsjava-3.6.1.jar:/Users/shubhamtomar/.m2/repository/org/xerial/snappy/snappy-java/1.1.10.4/snappy-java-1.1.10.4.jar:/Users/shubhamtomar/.m2/repository/org/apache/hadoop/hadoop-aws/3.4.1/hadoop-aws-3.4.1.jar:/Users/shubhamtomar/.m2/repository/software/amazon/awssdk/bundle/2.24.6/bundle-2.24.6.jar:/Users/shubhamtomar/.m2/repository/org/wildfly/openssl/wildfly-openssl/1.1.3.Final/wildfly-openssl-1.1.3.Final.jar:/Users/shubhamtomar/.m2/repository/org/apache/hadoop/hadoop-hdfs-client/3.4.1/hadoop-hdfs-client-3.4.1.jar:/Users/shubhamtomar/.m2/repository/org/apache/httpcomponents/httpcore/4.4.13/httpcore-4.4.13.jar:/Users/shubhamtomar/.m2/repository/software/amazon/awssdk/s3/2.29.9/s3-2.29.9.jar:/Users/shubhamtomar/.m2/repository/software/amazon/awssdk/aws-xml-protocol/2.29.9/aws-xml-protocol-2.29.9.jar:/Users/shubhamtomar/.m2/repository/software/amazon/awssdk/aws-query-protocol/2.29.9/aws-query-protocol-2.29.9.jar:/Users/shubhamtomar/.m2/repository/software/amazon/awssdk/protocol-core/2.29.9/protocol-core-2.29.9.jar:/Users/shubhamtomar/.m2/repository/software/amazon/awssdk/arns/2.29.9/arns-2.29.9.jar:/Users/shubhamtomar/.m2/repository/software/amazon/awssdk/profiles/2.29.9/profiles-2.29.9.jar:/Users/shubhamtomar/.m2/repository/software/amazon/awssdk/crt-core/2.29.9/crt-core-2.29.9.jar:/Users/shubhamtomar/.m2/repository/software/amazon/awssdk/http-auth/2.29.9/http-auth-2.29.9.jar:/Users/shubhamtomar/.m2/repository/software/amazon/awssdk/identity-spi/2.29.9/identity-spi-2.29.9.jar:/Users/shubhamtomar/.m2/repository/software/amazon/awssdk/http-auth-spi/2.29.9/http-auth-spi-2.29.9.jar:/Users/shubhamtomar/.m2/repository/org/reactivestreams/reactive-streams/1.0.4/reactive-streams-1.0.4.jar:/Users/shubhamtomar/.m2/repository/software/amazon/awssdk/http-auth-aws/2.29.9/http-auth-aws-2.29.9.jar:/Users/shubhamtomar/.m2/repository/software/amazon/awssdk/checksums/2.29.9/checksums-2.29.9.jar:/Users/shubhamtomar/.m2/repository/software/amazon/awssdk/checksums-spi/2.29.9/checksums-spi-2.29.9.jar:/Users/shubhamtomar/.m2/repository/software/amazon/awssdk/retries-spi/2.29.9/retries-spi-2.29.9.jar:/Users/shubhamtomar/.m2/repository/software/amazon/awssdk/sdk-core/2.29.9/sdk-core-2.29.9.jar:/Users/shubhamtomar/.m2/repository/software/amazon/awssdk/retries/2.29.9/retries-2.29.9.jar:/Users/shubhamtomar/.m2/repository/software/amazon/awssdk/auth/2.29.9/auth-2.29.9.jar:/Users/shubhamtomar/.m2/repository/software/amazon/awssdk/http-auth-aws-eventstream/2.29.9/http-auth-aws-eventstream-2.29.9.jar:/Users/shubhamtomar/.m2/repository/software/amazon/eventstream/eventstream/1.0.1/eventstream-1.0.1.jar:/Users/shubhamtomar/.m2/repository/software/amazon/awssdk/http-client-spi/2.29.9/http-client-spi-2.29.9.jar:/Users/shubhamtomar/.m2/repository/software/amazon/awssdk/regions/2.29.9/regions-2.29.9.jar:/Users/shubhamtomar/.m2/repository/software/amazon/awssdk/annotations/2.29.9/annotations-2.29.9.jar:/Users/shubhamtomar/.m2/repository/software/amazon/awssdk/utils/2.29.9/utils-2.29.9.jar:/Users/shubhamtomar/.m2/repository/software/amazon/awssdk/aws-core/2.29.9/aws-core-2.29.9.jar:/Users/shubhamtomar/.m2/repository/software/amazon/awssdk/metrics-spi/2.29.9/metrics-spi-2.29.9.jar:/Users/shubhamtomar/.m2/repository/software/amazon/awssdk/json-utils/2.29.9/json-utils-2.29.9.jar:/Users/shubhamtomar/.m2/repository/software/amazon/awssdk/third-party-jackson-core/2.29.9/third-party-jackson-core-2.29.9.jar:/Users/shubhamtomar/.m2/repository/software/amazon/awssdk/endpoints-spi/2.29.9/endpoints-spi-2.29.9.jar:/Users/shubhamtomar/.m2/repository/software/amazon/awssdk/apache-client/2.29.9/apache-client-2.29.9.jar:/Users/shubhamtomar/.m2/repository/software/amazon/awssdk/netty-nio-client/2.29.9/netty-nio-client-2.29.9.jar:/Users/shubhamtomar/.m2/repository/io/netty/netty-codec-http/4.1.114.Final/netty-codec-http-4.1.114.Final.jar:/Users/shubhamtomar/.m2/repository/io/netty/netty-codec-http2/4.1.114.Final/netty-codec-http2-4.1.114.Final.jar:/Users/shubhamtomar/.m2/repository/org/apache/flink/flink-s3-fs-hadoop/1.20.0/flink-s3-fs-hadoop-1.20.0.jar:"/>
    <property name="java.vm.vendor" value="Homebrew"/>
    <property name="sun.arch.data.model" value="64"/>
    <property name="java.vendor.url" value="https://github.com/Homebrew/homebrew-core/issues"/>
    <property name="os.name" value="Mac OS X"/>
    <property name="java.vm.specification.version" value="23"/>
    <property name="sun.java.launcher" value="SUN_STANDARD"/>
    <property name="user.country" value="IN"/>
    <property name="sun.boot.library.path" value="/opt/homebrew/Cellar/openjdk/23.0.2/libexec/openjdk.jdk/Contents/Home/lib"/>
    <property name="sun.java.command" value="/Users/shubhamtomar/pixis-projects/aalearning/nix/flakes/kafka/kafka-flink-job-b/target/surefire/surefirebooter-20250307172104458_3.jar /Users/shubhamtomar/pixis-projects/aalearning/nix/flakes/kafka/kafka-flink-job-b/target/surefire 2025-03-07T17-21-04_414-jvmRun1 surefire-20250307172104458_1tmp surefire_0-20250307172104458_2tmp"/>
    <property name="http.nonProxyHosts" value="local|*.local|169.254/16|*.169.254/16"/>
    <property name="jdk.debug" value="release"/>
    <property name="surefire.test.class.path" value="/Users/shubhamtomar/pixis-projects/aalearning/nix/flakes/kafka/kafka-flink-job-b/target/test-classes:/Users/shubhamtomar/pixis-projects/aalearning/nix/flakes/kafka/kafka-flink-job-b/target/classes:/Users/shubhamtomar/.m2/repository/junit/junit/3.8.1/junit-3.8.1.jar:/Users/shubhamtomar/.m2/repository/org/apache/flink/flink-java/1.20.0/flink-java-1.20.0.jar:/Users/shubhamtomar/.m2/repository/org/apache/flink/flink-core/1.20.0/flink-core-1.20.0.jar:/Users/shubhamtomar/.m2/repository/org/apache/flink/flink-core-api/1.20.0/flink-core-api-1.20.0.jar:/Users/shubhamtomar/.m2/repository/org/apache/flink/flink-metrics-core/1.20.0/flink-metrics-core-1.20.0.jar:/Users/shubhamtomar/.m2/repository/org/apache/flink/flink-annotations/1.20.0/flink-annotations-1.20.0.jar:/Users/shubhamtomar/.m2/repository/org/apache/flink/flink-shaded-jackson/2.14.2-17.0/flink-shaded-jackson-2.14.2-17.0.jar:/Users/shubhamtomar/.m2/repository/org/snakeyaml/snakeyaml-engine/2.6/snakeyaml-engine-2.6.jar:/Users/shubhamtomar/.m2/repository/com/esotericsoftware/kryo/kryo/2.24.0/kryo-2.24.0.jar:/Users/shubhamtomar/.m2/repository/com/esotericsoftware/minlog/minlog/1.2/minlog-1.2.jar:/Users/shubhamtomar/.m2/repository/org/objenesis/objenesis/2.1/objenesis-2.1.jar:/Users/shubhamtomar/.m2/repository/org/apache/commons/commons-lang3/3.12.0/commons-lang3-3.12.0.jar:/Users/shubhamtomar/.m2/repository/org/apache/commons/commons-math3/3.6.1/commons-math3-3.6.1.jar:/Users/shubhamtomar/.m2/repository/com/twitter/chill-java/0.7.6/chill-java-0.7.6.jar:/Users/shubhamtomar/.m2/repository/org/slf4j/slf4j-api/1.7.36/slf4j-api-1.7.36.jar:/Users/shubhamtomar/.m2/repository/com/google/code/findbugs/jsr305/1.3.9/jsr305-1.3.9.jar:/Users/shubhamtomar/.m2/repository/org/apache/flink/flink-streaming-java/1.20.0/flink-streaming-java-1.20.0.jar:/Users/shubhamtomar/.m2/repository/org/apache/flink/flink-file-sink-common/1.20.0/flink-file-sink-common-1.20.0.jar:/Users/shubhamtomar/.m2/repository/org/apache/flink/flink-runtime/1.20.0/flink-runtime-1.20.0.jar:/Users/shubhamtomar/.m2/repository/org/apache/flink/flink-rpc-core/1.20.0/flink-rpc-core-1.20.0.jar:/Users/shubhamtomar/.m2/repository/org/apache/flink/flink-rpc-akka-loader/1.20.0/flink-rpc-akka-loader-1.20.0.jar:/Users/shubhamtomar/.m2/repository/org/apache/flink/flink-queryable-state-client-java/1.20.0/flink-queryable-state-client-java-1.20.0.jar:/Users/shubhamtomar/.m2/repository/org/apache/flink/flink-hadoop-fs/1.20.0/flink-hadoop-fs-1.20.0.jar:/Users/shubhamtomar/.m2/repository/org/apache/flink/flink-shaded-netty/4.1.91.Final-17.0/flink-shaded-netty-4.1.91.Final-17.0.jar:/Users/shubhamtomar/.m2/repository/org/apache/flink/flink-shaded-zookeeper-3/3.7.1-17.0/flink-shaded-zookeeper-3-3.7.1-17.0.jar:/Users/shubhamtomar/.m2/repository/org/javassist/javassist/3.24.0-GA/javassist-3.24.0-GA.jar:/Users/shubhamtomar/.m2/repository/tools/profiler/async-profiler/2.9/async-profiler-2.9.jar:/Users/shubhamtomar/.m2/repository/org/lz4/lz4-java/1.8.0/lz4-java-1.8.0.jar:/Users/shubhamtomar/.m2/repository/org/apache/flink/flink-shaded-guava/31.1-jre-17.0/flink-shaded-guava-31.1-jre-17.0.jar:/Users/shubhamtomar/.m2/repository/org/apache/flink/flink-connector-datagen/1.20.0/flink-connector-datagen-1.20.0.jar:/Users/shubhamtomar/.m2/repository/org/apache/flink/flink-connector-kafka/3.3.0-1.20/flink-connector-kafka-3.3.0-1.20.jar:/Users/shubhamtomar/.m2/repository/org/apache/kafka/kafka-clients/3.4.0/kafka-clients-3.4.0.jar:/Users/shubhamtomar/.m2/repository/com/github/luben/zstd-jni/1.5.2-1/zstd-jni-1.5.2-1.jar:/Users/shubhamtomar/.m2/repository/com/google/guava/guava/32.1.2-jre/guava-32.1.2-jre.jar:/Users/shubhamtomar/.m2/repository/com/google/guava/failureaccess/1.0.1/failureaccess-1.0.1.jar:/Users/shubhamtomar/.m2/repository/com/google/guava/listenablefuture/9999.0-empty-to-avoid-conflict-with-guava/listenablefuture-9999.0-empty-to-avoid-conflict-with-guava.jar:/Users/shubhamtomar/.m2/repository/org/checkerframework/checker-qual/3.33.0/checker-qual-3.33.0.jar:/Users/shubhamtomar/.m2/repository/com/google/errorprone/error_prone_annotations/2.18.0/error_prone_annotations-2.18.0.jar:/Users/shubhamtomar/.m2/repository/com/google/j2objc/j2objc-annotations/2.8/j2objc-annotations-2.8.jar:/Users/shubhamtomar/.m2/repository/com/fasterxml/jackson/core/jackson-core/2.15.2/jackson-core-2.15.2.jar:/Users/shubhamtomar/.m2/repository/com/fasterxml/jackson/datatype/jackson-datatype-jsr310/2.15.2/jackson-datatype-jsr310-2.15.2.jar:/Users/shubhamtomar/.m2/repository/com/fasterxml/jackson/datatype/jackson-datatype-jdk8/2.15.2/jackson-datatype-jdk8-2.15.2.jar:/Users/shubhamtomar/.m2/repository/org/apache/iceberg/iceberg-nessie/1.7.0/iceberg-nessie-1.7.0.jar:/Users/shubhamtomar/.m2/repository/org/apache/iceberg/iceberg-api/1.7.0/iceberg-api-1.7.0.jar:/Users/shubhamtomar/.m2/repository/org/apache/iceberg/iceberg-common/1.7.0/iceberg-common-1.7.0.jar:/Users/shubhamtomar/.m2/repository/org/apache/iceberg/iceberg-core/1.7.0/iceberg-core-1.7.0.jar:/Users/shubhamtomar/.m2/repository/io/airlift/aircompressor/0.27/aircompressor-0.27.jar:/Users/shubhamtomar/.m2/repository/org/apache/httpcomponents/client5/httpclient5/5.4/httpclient5-5.4.jar:/Users/shubhamtomar/.m2/repository/org/apache/httpcomponents/core5/httpcore5/5.3/httpcore5-5.3.jar:/Users/shubhamtomar/.m2/repository/org/apache/httpcomponents/core5/httpcore5-h2/5.3/httpcore5-h2-5.3.jar:/Users/shubhamtomar/.m2/repository/com/github/ben-manes/caffeine/caffeine/2.9.3/caffeine-2.9.3.jar:/Users/shubhamtomar/.m2/repository/dev/failsafe/failsafe/3.3.2/failsafe-3.3.2.jar:/Users/shubhamtomar/.m2/repository/org/roaringbitmap/RoaringBitmap/1.3.0/RoaringBitmap-1.3.0.jar:/Users/shubhamtomar/.m2/repository/org/apache/iceberg/iceberg-bundled-guava/1.7.0/iceberg-bundled-guava-1.7.0.jar:/Users/shubhamtomar/.m2/repository/org/projectnessie/nessie/nessie-client/0.99.0/nessie-client-0.99.0.jar:/Users/shubhamtomar/.m2/repository/org/projectnessie/nessie/nessie-model/0.99.0/nessie-model-0.99.0.jar:/Users/shubhamtomar/.m2/repository/org/eclipse/microprofile/openapi/microprofile-openapi-api/4.0.1/microprofile-openapi-api-4.0.1.jar:/Users/shubhamtomar/.m2/repository/org/apache/iceberg/iceberg-flink-runtime-1.20/1.7.0/iceberg-flink-runtime-1.20-1.7.0.jar:/Users/shubhamtomar/.m2/repository/org/apache/flink/flink-table-api-java/1.20.0/flink-table-api-java-1.20.0.jar:/Users/shubhamtomar/.m2/repository/org/apache/flink/flink-table-planner_2.12/1.20.0/flink-table-planner_2.12-1.20.0.jar:/Users/shubhamtomar/.m2/repository/org/immutables/value/2.8.8/value-2.8.8.jar:/Users/shubhamtomar/.m2/repository/org/immutables/value-annotations/2.8.8/value-annotations-2.8.8.jar:/Users/shubhamtomar/.m2/repository/org/codehaus/janino/commons-compiler/3.1.10/commons-compiler-3.1.10.jar:/Users/shubhamtomar/.m2/repository/org/codehaus/janino/janino/3.1.10/janino-3.1.10.jar:/Users/shubhamtomar/.m2/repository/org/apache/flink/flink-scala_2.12/1.20.0/flink-scala_2.12-1.20.0.jar:/Users/shubhamtomar/.m2/repository/org/scala-lang/scala-reflect/2.12.7/scala-reflect-2.12.7.jar:/Users/shubhamtomar/.m2/repository/org/scala-lang/scala-library/2.12.7/scala-library-2.12.7.jar:/Users/shubhamtomar/.m2/repository/org/scala-lang/scala-compiler/2.12.7/scala-compiler-2.12.7.jar:/Users/shubhamtomar/.m2/repository/org/scala-lang/modules/scala-xml_2.12/1.0.6/scala-xml_2.12-1.0.6.jar:/Users/shubhamtomar/.m2/repository/com/twitter/chill_2.12/0.7.6/chill_2.12-0.7.6.jar:/Users/shubhamtomar/.m2/repository/org/apache/flink/flink-table-runtime/1.20.0/flink-table-runtime-1.20.0.jar:/Users/shubhamtomar/.m2/repository/org/apache/flink/flink-cep/1.20.0/flink-cep-1.20.0.jar:/Users/shubhamtomar/.m2/repository/org/apache/flink/flink-table-common/1.20.0/flink-table-common-1.20.0.jar:/Users/shubhamtomar/.m2/repository/org/apache/flink/flink-shaded-asm-9/9.5-17.0/flink-shaded-asm-9-9.5-17.0.jar:/Users/shubhamtomar/.m2/repository/com/ibm/icu/icu4j/67.1/icu4j-67.1.jar:/Users/shubhamtomar/.m2/repository/org/apache/flink/flink-table-api-java-bridge/1.20.0/flink-table-api-java-bridge-1.20.0.jar:/Users/shubhamtomar/.m2/repository/org/apache/flink/flink-table-api-bridge-base/1.20.0/flink-table-api-bridge-base-1.20.0.jar:/Users/shubhamtomar/.m2/repository/org/apache/flink/flink-parquet/1.20.0/flink-parquet-1.20.0.jar:/Users/shubhamtomar/.m2/repository/org/apache/parquet/parquet-hadoop/1.13.1/parquet-hadoop-1.13.1.jar:/Users/shubhamtomar/.m2/repository/org/apache/parquet/parquet-column/1.13.1/parquet-column-1.13.1.jar:/Users/shubhamtomar/.m2/repository/org/apache/parquet/parquet-encoding/1.13.1/parquet-encoding-1.13.1.jar:/Users/shubhamtomar/.m2/repository/org/apache/parquet/parquet-format-structures/1.13.1/parquet-format-structures-1.13.1.jar:/Users/shubhamtomar/.m2/repository/org/apache/parquet/parquet-common/1.13.1/parquet-common-1.13.1.jar:/Users/shubhamtomar/.m2/repository/org/apache/parquet/parquet-jackson/1.13.1/parquet-jackson-1.13.1.jar:/Users/shubhamtomar/.m2/repository/commons-pool/commons-pool/1.6/commons-pool-1.6.jar:/Users/shubhamtomar/.m2/repository/org/apache/yetus/audience-annotations/0.13.0/audience-annotations-0.13.0.jar:/Users/shubhamtomar/.m2/repository/com/google/protobuf/protobuf-java/3.21.7/protobuf-java-3.21.7.jar:/Users/shubhamtomar/.m2/repository/com/fasterxml/jackson/core/jackson-databind/2.13.4/jackson-databind-2.13.4.jar:/Users/shubhamtomar/.m2/repository/com/fasterxml/jackson/core/jackson-annotations/2.13.4/jackson-annotations-2.13.4.jar:/Users/shubhamtomar/.m2/repository/org/apache/hadoop/hadoop-client/3.4.1/hadoop-client-3.4.1.jar:/Users/shubhamtomar/.m2/repository/org/apache/hadoop/hadoop-yarn-api/3.4.1/hadoop-yarn-api-3.4.1.jar:/Users/shubhamtomar/.m2/repository/javax/xml/bind/jaxb-api/2.2.11/jaxb-api-2.2.11.jar:/Users/shubhamtomar/.m2/repository/org/apache/hadoop/hadoop-yarn-client/3.4.1/hadoop-yarn-client-3.4.1.jar:/Users/shubhamtomar/.m2/repository/org/eclipse/jetty/websocket/websocket-client/9.4.53.v20231009/websocket-client-9.4.53.v20231009.jar:/Users/shubhamtomar/.m2/repository/org/eclipse/jetty/jetty-client/9.4.53.v20231009/jetty-client-9.4.53.v20231009.jar:/Users/shubhamtomar/.m2/repository/org/eclipse/jetty/websocket/websocket-common/9.4.53.v20231009/websocket-common-9.4.53.v20231009.jar:/Users/shubhamtomar/.m2/repository/org/eclipse/jetty/websocket/websocket-api/9.4.53.v20231009/websocket-api-9.4.53.v20231009.jar:/Users/shubhamtomar/.m2/repository/org/jline/jline/3.9.0/jline-3.9.0.jar:/Users/shubhamtomar/.m2/repository/org/apache/hadoop/hadoop-mapreduce-client-core/3.4.1/hadoop-mapreduce-client-core-3.4.1.jar:/Users/shubhamtomar/.m2/repository/org/apache/hadoop/hadoop-yarn-common/3.4.1/hadoop-yarn-common-3.4.1.jar:/Users/shubhamtomar/.m2/repository/com/sun/jersey/jersey-client/1.19.4/jersey-client-1.19.4.jar:/Users/shubhamtomar/.m2/repository/com/fasterxml/jackson/module/jackson-module-jaxb-annotations/2.12.7/jackson-module-jaxb-annotations-2.12.7.jar:/Users/shubhamtomar/.m2/repository/jakarta/xml/bind/jakarta.xml.bind-api/2.3.2/jakarta.xml.bind-api-2.3.2.jar:/Users/shubhamtomar/.m2/repository/com/fasterxml/jackson/jaxrs/jackson-jaxrs-json-provider/2.12.7/jackson-jaxrs-json-provider-2.12.7.jar:/Users/shubhamtomar/.m2/repository/com/fasterxml/jackson/jaxrs/jackson-jaxrs-base/2.12.7/jackson-jaxrs-base-2.12.7.jar:/Users/shubhamtomar/.m2/repository/io/netty/netty-all/4.1.100.Final/netty-all-4.1.100.Final.jar:/Users/shubhamtomar/.m2/repository/io/netty/netty-codec-dns/4.1.100.Final/netty-codec-dns-4.1.100.Final.jar:/Users/shubhamtomar/.m2/repository/io/netty/netty-codec-haproxy/4.1.100.Final/netty-codec-haproxy-4.1.100.Final.jar:/Users/shubhamtomar/.m2/repository/io/netty/netty-codec-memcache/4.1.100.Final/netty-codec-memcache-4.1.100.Final.jar:/Users/shubhamtomar/.m2/repository/io/netty/netty-codec-mqtt/4.1.100.Final/netty-codec-mqtt-4.1.100.Final.jar:/Users/shubhamtomar/.m2/repository/io/netty/netty-codec-redis/4.1.100.Final/netty-codec-redis-4.1.100.Final.jar:/Users/shubhamtomar/.m2/repository/io/netty/netty-codec-smtp/4.1.100.Final/netty-codec-smtp-4.1.100.Final.jar:/Users/shubhamtomar/.m2/repository/io/netty/netty-codec-socks/4.1.100.Final/netty-codec-socks-4.1.100.Final.jar:/Users/shubhamtomar/.m2/repository/io/netty/netty-codec-stomp/4.1.100.Final/netty-codec-stomp-4.1.100.Final.jar:/Users/shubhamtomar/.m2/repository/io/netty/netty-codec-xml/4.1.100.Final/netty-codec-xml-4.1.100.Final.jar:/Users/shubhamtomar/.m2/repository/io/netty/netty-handler-proxy/4.1.100.Final/netty-handler-proxy-4.1.100.Final.jar:/Users/shubhamtomar/.m2/repository/io/netty/netty-handler-ssl-ocsp/4.1.100.Final/netty-handler-ssl-ocsp-4.1.100.Final.jar:/Users/shubhamtomar/.m2/repository/io/netty/netty-resolver-dns/4.1.100.Final/netty-resolver-dns-4.1.100.Final.jar:/Users/shubhamtomar/.m2/repository/io/netty/netty-transport-rxtx/4.1.100.Final/netty-transport-rxtx-4.1.100.Final.jar:/Users/shubhamtomar/.m2/repository/io/netty/netty-transport-sctp/4.1.100.Final/netty-transport-sctp-4.1.100.Final.jar:/Users/shubhamtomar/.m2/repository/io/netty/netty-transport-udt/4.1.100.Final/netty-transport-udt-4.1.100.Final.jar:/Users/shubhamtomar/.m2/repository/io/netty/netty-transport-classes-kqueue/4.1.100.Final/netty-transport-classes-kqueue-4.1.100.Final.jar:/Users/shubhamtomar/.m2/repository/io/netty/netty-resolver-dns-classes-macos/4.1.100.Final/netty-resolver-dns-classes-macos-4.1.100.Final.jar:/Users/shubhamtomar/.m2/repository/io/netty/netty-transport-native-epoll/4.1.100.Final/netty-transport-native-epoll-4.1.100.Final-linux-x86_64.jar:/Users/shubhamtomar/.m2/repository/io/netty/netty-transport-native-epoll/4.1.100.Final/netty-transport-native-epoll-4.1.100.Final-linux-aarch_64.jar:/Users/shubhamtomar/.m2/repository/io/netty/netty-transport-native-kqueue/4.1.100.Final/netty-transport-native-kqueue-4.1.100.Final-osx-x86_64.jar:/Users/shubhamtomar/.m2/repository/io/netty/netty-transport-native-kqueue/4.1.100.Final/netty-transport-native-kqueue-4.1.100.Final-osx-aarch_64.jar:/Users/shubhamtomar/.m2/repository/io/netty/netty-resolver-dns-native-macos/4.1.100.Final/netty-resolver-dns-native-macos-4.1.100.Final-osx-x86_64.jar:/Users/shubhamtomar/.m2/repository/io/netty/netty-resolver-dns-native-macos/4.1.100.Final/netty-resolver-dns-native-macos-4.1.100.Final-osx-aarch_64.jar:/Users/shubhamtomar/.m2/repository/org/apache/hadoop/hadoop-mapreduce-client-jobclient/3.4.1/hadoop-mapreduce-client-jobclient-3.4.1.jar:/Users/shubhamtomar/.m2/repository/org/apache/hadoop/hadoop-mapreduce-client-common/3.4.1/hadoop-mapreduce-client-common-3.4.1.jar:/Users/shubhamtomar/.m2/repository/org/apache/hadoop/hadoop-annotations/3.4.1/hadoop-annotations-3.4.1.jar:/Users/shubhamtomar/.m2/repository/org/apache/hadoop/hadoop-common/3.4.1/hadoop-common-3.4.1.jar:/Users/shubhamtomar/.m2/repository/org/apache/hadoop/thirdparty/hadoop-shaded-protobuf_3_25/1.3.0/hadoop-shaded-protobuf_3_25-1.3.0.jar:/Users/shubhamtomar/.m2/repository/org/apache/hadoop/thirdparty/hadoop-shaded-guava/1.3.0/hadoop-shaded-guava-1.3.0.jar:/Users/shubhamtomar/.m2/repository/commons-cli/commons-cli/1.5.0/commons-cli-1.5.0.jar:/Users/shubhamtomar/.m2/repository/org/apache/httpcomponents/httpclient/4.5.13/httpclient-4.5.13.jar:/Users/shubhamtomar/.m2/repository/commons-logging/commons-logging/1.2/commons-logging-1.2.jar:/Users/shubhamtomar/.m2/repository/commons-codec/commons-codec/1.15/commons-codec-1.15.jar:/Users/shubhamtomar/.m2/repository/commons-io/commons-io/2.16.1/commons-io-2.16.1.jar:/Users/shubhamtomar/.m2/repository/commons-net/commons-net/3.9.0/commons-net-3.9.0.jar:/Users/shubhamtomar/.m2/repository/commons-collections/commons-collections/3.2.2/commons-collections-3.2.2.jar:/Users/shubhamtomar/.m2/repository/javax/servlet/javax.servlet-api/3.1.0/javax.servlet-api-3.1.0.jar:/Users/shubhamtomar/.m2/repository/jakarta/activation/jakarta.activation-api/1.2.1/jakarta.activation-api-1.2.1.jar:/Users/shubhamtomar/.m2/repository/org/eclipse/jetty/jetty-server/9.4.53.v20231009/jetty-server-9.4.53.v20231009.jar:/Users/shubhamtomar/.m2/repository/org/eclipse/jetty/jetty-http/9.4.53.v20231009/jetty-http-9.4.53.v20231009.jar:/Users/shubhamtomar/.m2/repository/org/eclipse/jetty/jetty-io/9.4.53.v20231009/jetty-io-9.4.53.v20231009.jar:/Users/shubhamtomar/.m2/repository/org/eclipse/jetty/jetty-util/9.4.53.v20231009/jetty-util-9.4.53.v20231009.jar:/Users/shubhamtomar/.m2/repository/org/eclipse/jetty/jetty-servlet/9.4.53.v20231009/jetty-servlet-9.4.53.v20231009.jar:/Users/shubhamtomar/.m2/repository/org/eclipse/jetty/jetty-security/9.4.53.v20231009/jetty-security-9.4.53.v20231009.jar:/Users/shubhamtomar/.m2/repository/org/eclipse/jetty/jetty-util-ajax/9.4.53.v20231009/jetty-util-ajax-9.4.53.v20231009.jar:/Users/shubhamtomar/.m2/repository/org/eclipse/jetty/jetty-webapp/9.4.53.v20231009/jetty-webapp-9.4.53.v20231009.jar:/Users/shubhamtomar/.m2/repository/org/eclipse/jetty/jetty-xml/9.4.53.v20231009/jetty-xml-9.4.53.v20231009.jar:/Users/shubhamtomar/.m2/repository/javax/servlet/jsp/jsp-api/2.1/jsp-api-2.1.jar:/Users/shubhamtomar/.m2/repository/com/sun/jersey/jersey-core/1.19.4/jersey-core-1.19.4.jar:/Users/shubhamtomar/.m2/repository/javax/ws/rs/jsr311-api/1.1.1/jsr311-api-1.1.1.jar:/Users/shubhamtomar/.m2/repository/com/sun/jersey/jersey-servlet/1.19.4/jersey-servlet-1.19.4.jar:/Users/shubhamtomar/.m2/repository/com/github/pjfanning/jersey-json/1.22.0/jersey-json-1.22.0.jar:/Users/shubhamtomar/.m2/repository/com/sun/xml/bind/jaxb-impl/2.2.3-1/jaxb-impl-2.2.3-1.jar:/Users/shubhamtomar/.m2/repository/org/codehaus/jettison/jettison/1.5.4/jettison-1.5.4.jar:/Users/shubhamtomar/.m2/repository/com/sun/jersey/jersey-server/1.19.4/jersey-server-1.19.4.jar:/Users/shubhamtomar/.m2/repository/ch/qos/reload4j/reload4j/1.2.22/reload4j-1.2.22.jar:/Users/shubhamtomar/.m2/repository/commons-beanutils/commons-beanutils/1.9.4/commons-beanutils-1.9.4.jar:/Users/shubhamtomar/.m2/repository/org/apache/commons/commons-configuration2/2.10.1/commons-configuration2-2.10.1.jar:/Users/shubhamtomar/.m2/repository/org/apache/commons/commons-text/1.10.0/commons-text-1.10.0.jar:/Users/shubhamtomar/.m2/repository/org/slf4j/slf4j-reload4j/1.7.36/slf4j-reload4j-1.7.36.jar:/Users/shubhamtomar/.m2/repository/org/apache/avro/avro/1.9.2/avro-1.9.2.jar:/Users/shubhamtomar/.m2/repository/com/google/re2j/re2j/1.1/re2j-1.1.jar:/Users/shubhamtomar/.m2/repository/com/google/code/gson/gson/2.9.0/gson-2.9.0.jar:/Users/shubhamtomar/.m2/repository/org/apache/hadoop/hadoop-auth/3.4.1/hadoop-auth-3.4.1.jar:/Users/shubhamtomar/.m2/repository/com/nimbusds/nimbus-jose-jwt/9.37.2/nimbus-jose-jwt-9.37.2.jar:/Users/shubhamtomar/.m2/repository/com/github/stephenc/jcip/jcip-annotations/1.0-1/jcip-annotations-1.0-1.jar:/Users/shubhamtomar/.m2/repository/org/apache/curator/curator-framework/5.2.0/curator-framework-5.2.0.jar:/Users/shubhamtomar/.m2/repository/org/apache/kerby/kerb-util/2.0.3/kerb-util-2.0.3.jar:/Users/shubhamtomar/.m2/repository/org/apache/kerby/kerby-config/2.0.3/kerby-config-2.0.3.jar:/Users/shubhamtomar/.m2/repository/org/apache/kerby/kerb-crypto/2.0.3/kerb-crypto-2.0.3.jar:/Users/shubhamtomar/.m2/repository/com/jcraft/jsch/0.1.55/jsch-0.1.55.jar:/Users/shubhamtomar/.m2/repository/org/apache/curator/curator-client/5.2.0/curator-client-5.2.0.jar:/Users/shubhamtomar/.m2/repository/org/apache/curator/curator-recipes/5.2.0/curator-recipes-5.2.0.jar:/Users/shubhamtomar/.m2/repository/org/apache/zookeeper/zookeeper/3.8.4/zookeeper-3.8.4.jar:/Users/shubhamtomar/.m2/repository/org/apache/zookeeper/zookeeper-jute/3.8.4/zookeeper-jute-3.8.4.jar:/Users/shubhamtomar/.m2/repository/io/netty/netty-handler/4.1.100.Final/netty-handler-4.1.100.Final.jar:/Users/shubhamtomar/.m2/repository/io/netty/netty-common/4.1.100.Final/netty-common-4.1.100.Final.jar:/Users/shubhamtomar/.m2/repository/io/netty/netty-resolver/4.1.100.Final/netty-resolver-4.1.100.Final.jar:/Users/shubhamtomar/.m2/repository/io/netty/netty-buffer/4.1.100.Final/netty-buffer-4.1.100.Final.jar:/Users/shubhamtomar/.m2/repository/io/netty/netty-transport/4.1.100.Final/netty-transport-4.1.100.Final.jar:/Users/shubhamtomar/.m2/repository/io/netty/netty-transport-native-unix-common/4.1.100.Final/netty-transport-native-unix-common-4.1.100.Final.jar:/Users/shubhamtomar/.m2/repository/io/netty/netty-codec/4.1.100.Final/netty-codec-4.1.100.Final.jar:/Users/shubhamtomar/.m2/repository/io/netty/netty-transport-native-epoll/4.1.100.Final/netty-transport-native-epoll-4.1.100.Final.jar:/Users/shubhamtomar/.m2/repository/io/netty/netty-transport-classes-epoll/4.1.100.Final/netty-transport-classes-epoll-4.1.100.Final.jar:/Users/shubhamtomar/.m2/repository/io/dropwizard/metrics/metrics-core/3.2.4/metrics-core-3.2.4.jar:/Users/shubhamtomar/.m2/repository/org/apache/commons/commons-compress/1.26.1/commons-compress-1.26.1.jar:/Users/shubhamtomar/.m2/repository/org/bouncycastle/bcprov-jdk18on/1.78.1/bcprov-jdk18on-1.78.1.jar:/Users/shubhamtomar/.m2/repository/org/apache/kerby/kerb-core/2.0.3/kerb-core-2.0.3.jar:/Users/shubhamtomar/.m2/repository/org/apache/kerby/kerby-pkix/2.0.3/kerby-pkix-2.0.3.jar:/Users/shubhamtomar/.m2/repository/org/apache/kerby/kerby-asn1/2.0.3/kerby-asn1-2.0.3.jar:/Users/shubhamtomar/.m2/repository/org/apache/kerby/kerby-util/2.0.3/kerby-util-2.0.3.jar:/Users/shubhamtomar/.m2/repository/org/codehaus/woodstox/stax2-api/4.2.1/stax2-api-4.2.1.jar:/Users/shubhamtomar/.m2/repository/com/fasterxml/woodstox/woodstox-core/5.4.0/woodstox-core-5.4.0.jar:/Users/shubhamtomar/.m2/repository/dnsjava/dnsjava/3.6.1/dnsjava-3.6.1.jar:/Users/shubhamtomar/.m2/repository/org/xerial/snappy/snappy-java/1.1.10.4/snappy-java-1.1.10.4.jar:/Users/shubhamtomar/.m2/repository/org/apache/hadoop/hadoop-aws/3.4.1/hadoop-aws-3.4.1.jar:/Users/shubhamtomar/.m2/repository/software/amazon/awssdk/bundle/2.24.6/bundle-2.24.6.jar:/Users/shubhamtomar/.m2/repository/org/wildfly/openssl/wildfly-openssl/1.1.3.Final/wildfly-openssl-1.1.3.Final.jar:/Users/shubhamtomar/.m2/repository/org/apache/hadoop/hadoop-hdfs-client/3.4.1/hadoop-hdfs-client-3.4.1.jar:/Users/shubhamtomar/.m2/repository/org/apache/httpcomponents/httpcore/4.4.13/httpcore-4.4.13.jar:/Users/shubhamtomar/.m2/repository/software/amazon/awssdk/s3/2.29.9/s3-2.29.9.jar:/Users/shubhamtomar/.m2/repository/software/amazon/awssdk/aws-xml-protocol/2.29.9/aws-xml-protocol-2.29.9.jar:/Users/shubhamtomar/.m2/repository/software/amazon/awssdk/aws-query-protocol/2.29.9/aws-query-protocol-2.29.9.jar:/Users/shubhamtomar/.m2/repository/software/amazon/awssdk/protocol-core/2.29.9/protocol-core-2.29.9.jar:/Users/shubhamtomar/.m2/repository/software/amazon/awssdk/arns/2.29.9/arns-2.29.9.jar:/Users/shubhamtomar/.m2/repository/software/amazon/awssdk/profiles/2.29.9/profiles-2.29.9.jar:/Users/shubhamtomar/.m2/repository/software/amazon/awssdk/crt-core/2.29.9/crt-core-2.29.9.jar:/Users/shubhamtomar/.m2/repository/software/amazon/awssdk/http-auth/2.29.9/http-auth-2.29.9.jar:/Users/shubhamtomar/.m2/repository/software/amazon/awssdk/identity-spi/2.29.9/identity-spi-2.29.9.jar:/Users/shubhamtomar/.m2/repository/software/amazon/awssdk/http-auth-spi/2.29.9/http-auth-spi-2.29.9.jar:/Users/shubhamtomar/.m2/repository/org/reactivestreams/reactive-streams/1.0.4/reactive-streams-1.0.4.jar:/Users/shubhamtomar/.m2/repository/software/amazon/awssdk/http-auth-aws/2.29.9/http-auth-aws-2.29.9.jar:/Users/shubhamtomar/.m2/repository/software/amazon/awssdk/checksums/2.29.9/checksums-2.29.9.jar:/Users/shubhamtomar/.m2/repository/software/amazon/awssdk/checksums-spi/2.29.9/checksums-spi-2.29.9.jar:/Users/shubhamtomar/.m2/repository/software/amazon/awssdk/retries-spi/2.29.9/retries-spi-2.29.9.jar:/Users/shubhamtomar/.m2/repository/software/amazon/awssdk/sdk-core/2.29.9/sdk-core-2.29.9.jar:/Users/shubhamtomar/.m2/repository/software/amazon/awssdk/retries/2.29.9/retries-2.29.9.jar:/Users/shubhamtomar/.m2/repository/software/amazon/awssdk/auth/2.29.9/auth-2.29.9.jar:/Users/shubhamtomar/.m2/repository/software/amazon/awssdk/http-auth-aws-eventstream/2.29.9/http-auth-aws-eventstream-2.29.9.jar:/Users/shubhamtomar/.m2/repository/software/amazon/eventstream/eventstream/1.0.1/eventstream-1.0.1.jar:/Users/shubhamtomar/.m2/repository/software/amazon/awssdk/http-client-spi/2.29.9/http-client-spi-2.29.9.jar:/Users/shubhamtomar/.m2/repository/software/amazon/awssdk/regions/2.29.9/regions-2.29.9.jar:/Users/shubhamtomar/.m2/repository/software/amazon/awssdk/annotations/2.29.9/annotations-2.29.9.jar:/Users/shubhamtomar/.m2/repository/software/amazon/awssdk/utils/2.29.9/utils-2.29.9.jar:/Users/shubhamtomar/.m2/repository/software/amazon/awssdk/aws-core/2.29.9/aws-core-2.29.9.jar:/Users/shubhamtomar/.m2/repository/software/amazon/awssdk/metrics-spi/2.29.9/metrics-spi-2.29.9.jar:/Users/shubhamtomar/.m2/repository/software/amazon/awssdk/json-utils/2.29.9/json-utils-2.29.9.jar:/Users/shubhamtomar/.m2/repository/software/amazon/awssdk/third-party-jackson-core/2.29.9/third-party-jackson-core-2.29.9.jar:/Users/shubhamtomar/.m2/repository/software/amazon/awssdk/endpoints-spi/2.29.9/endpoints-spi-2.29.9.jar:/Users/shubhamtomar/.m2/repository/software/amazon/awssdk/apache-client/2.29.9/apache-client-2.29.9.jar:/Users/shubhamtomar/.m2/repository/software/amazon/awssdk/netty-nio-client/2.29.9/netty-nio-client-2.29.9.jar:/Users/shubhamtomar/.m2/repository/io/netty/netty-codec-http/4.1.114.Final/netty-codec-http-4.1.114.Final.jar:/Users/shubhamtomar/.m2/repository/io/netty/netty-codec-http2/4.1.114.Final/netty-codec-http2-4.1.114.Final.jar:/Users/shubhamtomar/.m2/repository/org/apache/flink/flink-s3-fs-hadoop/1.20.0/flink-s3-fs-hadoop-1.20.0.jar:"/>
    <property name="sun.cpu.endian" value="little"/>
    <property name="user.home" value="/Users/shubhamtomar"/>
    <property name="user.language" value="en"/>
    <property name="java.specification.vendor" value="Oracle Corporation"/>
    <property name="java.version.date" value="2025-01-21"/>
    <property name="java.home" value="/opt/homebrew/Cellar/openjdk/23.0.2/libexec/openjdk.jdk/Contents/Home"/>
    <property name="file.separator" value="/"/>
    <property name="basedir" value="/Users/shubhamtomar/pixis-projects/aalearning/nix/flakes/kafka/kafka-flink-job-b"/>
    <property name="java.vm.compressedOopsMode" value="Zero based"/>
    <property name="line.separator" value="&#10;"/>
    <property name="java.vm.specification.vendor" value="Oracle Corporation"/>
    <property name="java.specification.name" value="Java Platform API Specification"/>
    <property name="apple.awt.application.name" value="ForkedBooter"/>
    <property name="surefire.real.class.path" value="/Users/shubhamtomar/pixis-projects/aalearning/nix/flakes/kafka/kafka-flink-job-b/target/surefire/surefirebooter-20250307172104458_3.jar"/>
    <property name="sun.management.compiler" value="HotSpot 64-Bit Tiered Compilers"/>
    <property name="ftp.nonProxyHosts" value="local|*.local|169.254/16|*.169.254/16"/>
    <property name="java.runtime.version" value="23.0.2"/>
    <property name="user.name" value="shubhamtomar"/>
    <property name="stdout.encoding" value="UTF-8"/>
    <property name="path.separator" value=":"/>
    <property name="os.version" value="15.2"/>
    <property name="java.runtime.name" value="OpenJDK Runtime Environment"/>
    <property name="file.encoding" value="UTF-8"/>
    <property name="java.vm.name" value="OpenJDK 64-Bit Server VM"/>
    <property name="java.vendor.version" value="Homebrew"/>
    <property name="localRepository" value="/Users/shubhamtomar/.m2/repository"/>
    <property name="java.vendor.url.bug" value="https://github.com/Homebrew/homebrew-core/issues"/>
    <property name="java.io.tmpdir" value="/var/folders/m1/lpbq9h155nl9gzjwfxlvmj340000gp/T/"/>
    <property name="java.version" value="23.0.2"/>
    <property name="user.dir" value="/Users/shubhamtomar/pixis-projects/aalearning/nix/flakes/kafka/kafka-flink-job-b"/>
    <property name="os.arch" value="aarch64"/>
    <property name="java.vm.specification.name" value="Java Virtual Machine Specification"/>
    <property name="native.encoding" value="UTF-8"/>
    <property name="java.library.path" value="/Users/shubhamtomar/Library/Java/Extensions:/Library/Java/Extensions:/Network/Library/Java/Extensions:/System/Library/Java/Extensions:/usr/lib/java:."/>
    <property name="java.vm.info" value="mixed mode, sharing"/>
    <property name="stderr.encoding" value="UTF-8"/>
    <property name="java.vendor" value="Homebrew"/>
    <property name="java.vm.version" value="23.0.2"/>
    <property name="sun.io.unicode.encoding" value="UnicodeBig"/>
    <property name="socksNonProxyHosts" value="local|*.local|169.254/16|*.169.254/16"/>
    <property name="java.class.version" value="67.0"/>
  </properties>
  <testcase name="testApp" classname="com.kafka.flink.AppTest" time="0.001"/>
</testsuite>